Arguments: 
  C:\Program Files\nodejs\node.exe C:\Users\iagon\AppData\Roaming\npm\node_modules\yarn\bin\yarn.js

PATH: 
  C:\Program Files (x86)\Common Files\Oracle\Java\javapath;C:\Windows\system32;C:\Windows;C:\Windows\System32\Wbem;C:\Windows\System32\WindowsPowerShell\v1.0\;C:\Windows\System32\OpenSSH\;C:\ProgramData\chocolatey\bin;C:\Program Files\nodejs\;C:\Program Files\Git\cmd;C:\Users\iagon\AppData\Local\Microsoft\WindowsApps;C:\Users\iagon\AppData\Roaming\npm;C:\Users\iagon\AppData\Local\Programs\Microsoft VS Code\bin

Yarn version: 
  1.22.17

Node version: 
  14.18.1

Platform: 
  win32 x64

Trace: 
  Error: https://registry.yarnpkg.com/date-fns/-/date-fns-2.28.0.tgz: ESOCKETTIMEDOUT
      at ClientRequest.<anonymous> (C:\Users\iagon\AppData\Roaming\npm\node_modules\yarn\lib\cli.js:141510:19)
      at Object.onceWrapper (events.js:519:28)
      at ClientRequest.emit (events.js:400:28)
      at TLSSocket.emitRequestTimeout (_http_client.js:790:9)
      at Object.onceWrapper (events.js:519:28)
      at TLSSocket.emit (events.js:412:35)
      at TLSSocket.Socket._onTimeout (net.js:495:8)
      at listOnTimeout (internal/timers.js:557:17)
      at processTimers (internal/timers.js:500:7)

npm manifest: 
  {
    "main": "node_modules/expo/AppEntry.js",
    "scripts": {
      "start": "expo start",
      "android": "expo start --android",
      "ios": "expo start --ios",
      "web": "expo start --web",
      "eject": "expo eject"
    },
    "dependencies": {
      "@expo-google-fonts/archivo": "^0.1.0",
      "@expo-google-fonts/poppins": "^0.1.0",
      "@expo/vector-icons": "^12.0.0",
      "@react-native-community/art": "^1.2.0",
      "@react-native-community/async-storage": "~1.12.0",
      "@react-native-community/masked-view": "0.1.10",
      "@react-native-community/netinfo": "5.9.7",
      "@react-navigation/bottom-tabs": "^5.8.0",
      "@react-navigation/native": "^5.7.3",
      "@react-navigation/stack": "^5.12.6",
      "@types/styled-components": "^5.1.7",
      "@types/yup": "^0.29.4",
      "@unform/core": "^2.1.3",
      "@unform/mobile": "^2.1.3",
      "axios": "^0.19.2",
      "date-fns": "^2.19.0",
      "expo": "^40.0.1",
      "expo-app-auth": "~9.3.0",
      "expo-app-loading": "^1.0.1",
      "expo-constants": "~9.3.3",
      "expo-font": "~8.4.0",
      "expo-image-picker": "~9.2.0",
      "expo-mail-composer": "~9.0.0",
      "expo-notifications": "~0.8.2",
      "expo-permissions": "~10.0.0",
      "expo-status-bar": "~1.0.2",
      "expo-updates": "~0.4.1",
      "react": "16.13.1",
      "react-dom": "16.13.1",
      "react-native": "4.0.1",
      "react-native-check-version": "^1.0.8",
      "react-native-device-info": "^8.0.1",
      "react-native-flash-message": "^0.1.16",
      "react-native-gesture-handler": "~1.8.0",
      "react-native-image-picker": "^2.3.3",
      "react-native-modalize": "^2.0.6",
      "react-native-picker-select": "^7.0.0",
      "react-native-reanimated": "~1.13.0",
      "react-native-safe-area-context": "3.1.9",
      "react-native-screens": "~2.15.2",
      "react-native-skeleton-content": "^1.0.20",
      "react-native-svg": "12.1.0",
      "react-native-web": "~0.13.7",
      "styled-components": "^5.2.1",
      "yup": "^0.29.3"
    },
    "devDependencies": {
      "@babel/core": "^7.8.6",
      "@types/react": "~16.9.35",
      "@types/react-native": "~0.63.2",
      "@types/styled-components-react-native": "^5.1.1",
      "@typescript-eslint/eslint-plugin": "^4.0.1",
      "@typescript-eslint/parser": "^4.0.1",
      "eslint": "^7.8.1",
      "eslint-config-airbnb": "^18.2.0",
      "eslint-config-prettier": "^6.11.0",
      "eslint-import-resolver-typescript": "^2.3.0",
      "eslint-plugin-import": "^2.22.0",
      "eslint-plugin-jsx-a11y": "^6.3.1",
      "eslint-plugin-prettier": "^3.1.4",
      "eslint-plugin-react": "^7.20.6",
      "eslint-plugin-react-hooks": "^4.1.0",
      "prettier": "^2.1.0",
      "typescript": "~3.9.2"
    },
    "private": true
  }

yarn manifest: 
  No manifest

Lockfile: 
  No lockfile
